<?xml version="1.0" encoding="UTF-8"?>
<!-- Generated by org.testng.reporters.JUnitReportReporter -->
<testsuite hostname="LAPTOP-26IR7NH2" failures="0" tests="2" name="com.testvox.main.MainTC" time="41.439" errors="0" timestamp="2021-12-16T02:06:30 IST" skipped="0">
  <testcase classname="com.testvox.main.MainTC" name="Amazon" time="31.258"/>
  <system-out/>
  <testcase classname="com.testvox.main.MainTC" name="GoogleSearch" time="10.181"/>
  <system-out/>
</testsuite> <!-- com.testvox.main.MainTC -->
